2026-05-13 13:18:05,911 [INFO] Verticals : ['auto', 'book', 'movie', 'restaurant']
2026-05-13 13:18:05,911 [INFO] Model     : microsoft/markuplm-base
2026-05-13 13:18:05,911 [INFO] HPARAMS   : {'n_seed': 1, 'n_pages': 2000, 'prev_nodes_into_account': 4, 'per_gpu_train_batch_size': 32, 'per_gpu_eval_batch_size': 32, 'num_train_epochs': 10, 'learning_rate': '2e-5', 'warmup_ratio': 0.1, 'max_seq_length': 384, 'doc_stride': 128, 'save_steps': 1000000}
2026-05-13 13:18:05,912 [INFO] === STEP 1/3 — pack_data ===
2026-05-13 13:18:05,912 [INFO] CMD: /home/e235182h/Documents/These/DATA/sample/.venv/bin/python3 /home/e235182h/Documents/These/DATA/sample/these_data/Experimentation/MarkupLM Finetuning/unilm_repo/markuplm/examples/fine_tuning/run_swde/pack_data.py --input_swde_path=/home/e235182h/Documents/These/DATA/sample/these_data/Experimentation/MarkupLM Finetuning/MarkupLM Finetuning/SWDE --output_pack_path=/home/e235182h/Documents/These/DATA/sample/these_data/Experimentation/MarkupLM Finetuning/MarkupLM Finetuning/SWDE/swde.pickle
2026-05-13 13:19:01,359 [INFO] Verticals : ['auto', 'book', 'movie', 'restaurant']
2026-05-13 13:19:01,359 [INFO] Model     : microsoft/markuplm-base
2026-05-13 13:19:01,359 [INFO] HPARAMS   : {'n_seed': 1, 'n_pages': 2000, 'prev_nodes_into_account': 4, 'per_gpu_train_batch_size': 32, 'per_gpu_eval_batch_size': 32, 'num_train_epochs': 10, 'learning_rate': '2e-5', 'warmup_ratio': 0.1, 'max_seq_length': 384, 'doc_stride': 128, 'save_steps': 1000000}
2026-05-13 13:19:01,360 [INFO] === STEP 1/3 — pack_data ===
2026-05-13 13:19:01,360 [INFO] CMD: /home/e235182h/Documents/These/DATA/sample/.venv/bin/python3 /home/e235182h/Documents/These/DATA/sample/these_data/Experimentation/MarkupLM Finetuning/unilm_repo/markuplm/examples/fine_tuning/run_swde/pack_data.py --input_swde_path=/home/e235182h/Documents/These/DATA/sample/these_data/Experimentation/MarkupLM Finetuning/SWDE --output_pack_path=/home/e235182h/Documents/These/DATA/sample/these_data/Experimentation/MarkupLM Finetuning/SWDE/swde.pickle
2026-05-13 13:19:49,558 [INFO] Verticals : ['auto', 'book', 'movie', 'restaurant']
2026-05-13 13:19:49,558 [INFO] Model     : microsoft/markuplm-base
2026-05-13 13:19:49,559 [INFO] HPARAMS   : {'n_seed': 1, 'n_pages': 2000, 'prev_nodes_into_account': 4, 'per_gpu_train_batch_size': 32, 'per_gpu_eval_batch_size': 32, 'num_train_epochs': 10, 'learning_rate': '2e-5', 'warmup_ratio': 0.1, 'max_seq_length': 384, 'doc_stride': 128, 'save_steps': 1000000}
2026-05-13 13:19:49,559 [INFO] === STEP 1/3 — pack_data ===
2026-05-13 13:19:49,559 [INFO] CMD: /home/e235182h/Documents/These/DATA/sample/.venv/bin/python /home/e235182h/Documents/These/DATA/sample/these_data/Experimentation/MarkupLM Finetuning/unilm_repo/markuplm/examples/fine_tuning/run_swde/pack_data.py --input_swde_path=/home/e235182h/Documents/These/DATA/sample/these_data/Experimentation/MarkupLM Finetuning/SWDE --output_pack_path=/home/e235182h/Documents/These/DATA/sample/these_data/Experimentation/MarkupLM Finetuning/SWDE/swde.pickle
2026-05-13 13:21:27,838 [INFO] Verticals : ['auto', 'book', 'movie', 'restaurant']
2026-05-13 13:21:27,838 [INFO] Model     : microsoft/markuplm-base
2026-05-13 13:21:27,838 [INFO] HPARAMS   : {'n_seed': 1, 'n_pages': 2000, 'prev_nodes_into_account': 4, 'per_gpu_train_batch_size': 32, 'per_gpu_eval_batch_size': 32, 'num_train_epochs': 10, 'learning_rate': '2e-5', 'warmup_ratio': 0.1, 'max_seq_length': 384, 'doc_stride': 128, 'save_steps': 1000000}
2026-05-13 13:21:27,838 [INFO] === STEP 1/3 — pack_data ===
2026-05-13 13:21:27,838 [INFO] CMD: /home/e235182h/Documents/These/DATA/sample/.venv/bin/python /home/e235182h/Documents/These/DATA/sample/these_data/Experimentation/MarkupLM Finetuning/unilm_repo/markuplm/examples/fine_tuning/run_swde/pack_data.py --input_swde_path=/home/e235182h/Documents/These/DATA/sample/these_data/Experimentation/MarkupLM Finetuning/SWDE --output_pack_path=/home/e235182h/Documents/These/DATA/sample/these_data/Experimentation/MarkupLM Finetuning/SWDE/swde.pickle
2026-05-13 13:37:32,526 [INFO] Verticals : ['auto', 'book', 'movie', 'restaurant']
2026-05-13 13:37:32,526 [INFO] Model     : microsoft/markuplm-base
2026-05-13 13:37:32,526 [INFO] HPARAMS   : {'n_seed': 1, 'n_pages': 2000, 'prev_nodes_into_account': 4, 'per_gpu_train_batch_size': 32, 'per_gpu_eval_batch_size': 32, 'num_train_epochs': 10, 'learning_rate': '2e-5', 'warmup_ratio': 0.1, 'max_seq_length': 384, 'doc_stride': 128, 'save_steps': 1000000}
2026-05-13 13:37:32,526 [INFO] === STEP 1/3 — pack_data ===
2026-05-13 13:37:32,529 [INFO] CMD: /home/e235182h/Documents/These/DATA/sample/.venv/bin/python /home/e235182h/Documents/These/DATA/sample/these_data/Experimentation/MarkupLM Finetuning/unilm_repo/markuplm/examples/fine_tuning/run_swde/pack_data.py --input_swde_path=/tmp/tmpt473rfui --output_pack_path=/home/e235182h/Documents/These/DATA/sample/these_data/Experimentation/MarkupLM Finetuning/SWDE/swde.pickle
2026-05-13 13:39:00,883 [INFO] Verticals : ['auto', 'book', 'movie', 'restaurant']
2026-05-13 13:39:00,883 [INFO] Model     : microsoft/markuplm-base
2026-05-13 13:39:00,883 [INFO] HPARAMS   : {'n_seed': 1, 'n_pages': 2000, 'prev_nodes_into_account': 4, 'per_gpu_train_batch_size': 32, 'per_gpu_eval_batch_size': 32, 'num_train_epochs': 10, 'learning_rate': '2e-5', 'warmup_ratio': 0.1, 'max_seq_length': 384, 'doc_stride': 128, 'save_steps': 1000000}
2026-05-13 13:39:00,883 [INFO] === STEP 1/3 — pack_data ===
2026-05-13 13:39:00,885 [INFO] CMD: /home/e235182h/Documents/These/DATA/sample/.venv/bin/python /home/e235182h/Documents/These/DATA/sample/these_data/Experimentation/MarkupLM Finetuning/unilm_repo/markuplm/examples/fine_tuning/run_swde/pack_data.py --input_swde_path=/tmp/tmpozpj8rxw --output_pack_path=/home/e235182h/Documents/These/DATA/sample/these_data/Experimentation/MarkupLM Finetuning/SWDE/swde.pickle
2026-05-13 13:40:42,411 [INFO] Verticals : ['auto', 'book', 'movie', 'restaurant']
2026-05-13 13:40:42,411 [INFO] Model     : microsoft/markuplm-base
2026-05-13 13:40:42,412 [INFO] HPARAMS   : {'n_seed': 1, 'n_pages': 2000, 'prev_nodes_into_account': 4, 'per_gpu_train_batch_size': 32, 'per_gpu_eval_batch_size': 32, 'num_train_epochs': 10, 'learning_rate': '2e-5', 'warmup_ratio': 0.1, 'max_seq_length': 384, 'doc_stride': 128, 'save_steps': 1000000}
2026-05-13 13:40:42,412 [INFO] === STEP 1/3 — pack_data (verticals: ['auto', 'book', 'movie', 'restaurant']) ===
2026-05-13 13:40:43,197 [INFO] Reading 77923 HTML pages...
2026-05-13 13:43:21,868 [INFO] Verticals : ['restaurant']
2026-05-13 13:43:21,868 [INFO] Model     : microsoft/markuplm-base
2026-05-13 13:43:21,868 [INFO] HPARAMS   : {'n_seed': 1, 'n_pages': 2000, 'prev_nodes_into_account': 4, 'per_gpu_train_batch_size': 32, 'per_gpu_eval_batch_size': 32, 'num_train_epochs': 10, 'learning_rate': '2e-5', 'warmup_ratio': 0.1, 'max_seq_length': 384, 'doc_stride': 128, 'save_steps': 1000000}
2026-05-13 13:43:21,869 [INFO] === STEP 1/3 — pack_data (verticals: ['restaurant']) ===
2026-05-13 13:43:22,070 [INFO] Reading 20000 HTML pages...
2026-05-13 13:43:28,906 [INFO] Pickle saved → /home/e235182h/Documents/These/DATA/sample/these_data/Experimentation/MarkupLM Finetuning/SWDE/swde.pickle
2026-05-13 13:43:29,003 [INFO] === STEP 2/3 — prepare_data ===
2026-05-13 13:43:29,003 [INFO] CMD: /home/e235182h/Documents/These/DATA/sample/.venv/bin/python /home/e235182h/Documents/These/DATA/sample/these_data/Experimentation/MarkupLM Finetuning/unilm_repo/markuplm/examples/fine_tuning/run_swde/prepare_data.py --input_groundtruth_path=/home/e235182h/Documents/These/DATA/sample/these_data/Experimentation/MarkupLM Finetuning/SWDE/groundtruth --input_pickle_path=/home/e235182h/Documents/These/DATA/sample/these_data/Experimentation/MarkupLM Finetuning/SWDE/swde.pickle --output_data_path=/home/e235182h/Documents/These/DATA/sample/these_data/Experimentation/MarkupLM Finetuning/SWDE/processed
2026-05-13 14:37:36,389 [INFO] Verticals : ['restaurant']
2026-05-13 14:37:36,390 [INFO] Model     : microsoft/markuplm-base
2026-05-13 14:37:36,390 [INFO] HPARAMS   : {'n_seed': 1, 'n_pages': 300, 'prev_nodes_into_account': 4, 'per_gpu_train_batch_size': 32, 'per_gpu_eval_batch_size': 32, 'num_train_epochs': 10, 'learning_rate': '2e-5', 'warmup_ratio': 0.1, 'max_seq_length': 384, 'doc_stride': 128, 'save_steps': 1000000}
2026-05-13 14:37:36,390 [INFO] Pickle already exists, skipping: /home/e235182h/Documents/These/DATA/sample/these_data/Experimentation/MarkupLM Finetuning/SWDE/swde.pickle
2026-05-13 14:37:36,390 [INFO] === STEP 2/3 — prepare_data ===
2026-05-13 14:37:36,390 [INFO] CMD: /home/e235182h/Documents/These/DATA/sample/.venv/bin/python /home/e235182h/Documents/These/DATA/sample/these_data/Experimentation/MarkupLM Finetuning/unilm_repo/markuplm/examples/fine_tuning/run_swde/prepare_data.py --input_groundtruth_path=/home/e235182h/Documents/These/DATA/sample/these_data/Experimentation/MarkupLM Finetuning/SWDE/groundtruth --input_pickle_path=/home/e235182h/Documents/These/DATA/sample/these_data/Experimentation/MarkupLM Finetuning/SWDE/swde.pickle --output_data_path=/home/e235182h/Documents/These/DATA/sample/these_data/Experimentation/MarkupLM Finetuning/SWDE/processed
2026-05-13 14:40:51,818 [INFO] Verticals : ['restaurant']
2026-05-13 14:40:51,826 [INFO] Model     : microsoft/markuplm-base
2026-05-13 14:40:51,826 [INFO] HPARAMS   : {'n_seed': 1, 'n_pages': 300, 'prev_nodes_into_account': 4, 'per_gpu_train_batch_size': 32, 'per_gpu_eval_batch_size': 32, 'num_train_epochs': 10, 'learning_rate': '2e-5', 'warmup_ratio': 0.1, 'max_seq_length': 384, 'doc_stride': 128, 'save_steps': 1000000}
2026-05-13 14:40:51,826 [INFO] === STEP 1/3 — pack_data (verticals: ['restaurant'], n_pages/site: 300) ===
2026-05-13 14:40:51,867 [INFO] Reading 3000 HTML pages...
2026-05-13 14:40:52,543 [INFO] Pickle saved → /home/e235182h/Documents/These/DATA/sample/these_data/Experimentation/MarkupLM Finetuning/SWDE/swde.pickle
2026-05-13 14:40:52,551 [INFO] === STEP 2/3 — prepare_data ===
2026-05-13 14:40:52,551 [INFO] CMD: /home/e235182h/Documents/These/DATA/sample/.venv/bin/python /home/e235182h/Documents/These/DATA/sample/these_data/Experimentation/MarkupLM Finetuning/unilm_repo/markuplm/examples/fine_tuning/run_swde/prepare_data.py --input_groundtruth_path=/home/e235182h/Documents/These/DATA/sample/these_data/Experimentation/MarkupLM Finetuning/SWDE/groundtruth --input_pickle_path=/home/e235182h/Documents/These/DATA/sample/these_data/Experimentation/MarkupLM Finetuning/SWDE/swde.pickle --output_data_path=/home/e235182h/Documents/These/DATA/sample/these_data/Experimentation/MarkupLM Finetuning/SWDE/processed
2026-05-13 14:46:23,214 [INFO] Verticals : ['restaurant']
2026-05-13 14:46:23,214 [INFO] Model     : microsoft/markuplm-base
2026-05-13 14:46:23,214 [INFO] HPARAMS   : {'n_seed': 1, 'n_pages': 300, 'prev_nodes_into_account': 4, 'per_gpu_train_batch_size': 32, 'per_gpu_eval_batch_size': 32, 'num_train_epochs': 10, 'learning_rate': '2e-5', 'warmup_ratio': 0.1, 'max_seq_length': 384, 'doc_stride': 128, 'save_steps': 1000000}
2026-05-13 14:46:23,214 [INFO] === STEP 1/3 — pack_data (verticals: ['restaurant']) ===
2026-05-13 14:46:23,419 [INFO] Reading 20000 HTML pages...
2026-05-13 14:46:27,682 [INFO] Pickle saved → /home/e235182h/Documents/These/DATA/sample/these_data/Experimentation/MarkupLM Finetuning/SWDE/swde.pickle
2026-05-13 14:46:27,746 [INFO] === STEP 2/3 — prepare_data ===
2026-05-13 14:46:27,746 [INFO] CMD: /home/e235182h/Documents/These/DATA/sample/.venv/bin/python /home/e235182h/Documents/These/DATA/sample/these_data/Experimentation/MarkupLM Finetuning/unilm_repo/markuplm/examples/fine_tuning/run_swde/prepare_data.py --input_groundtruth_path=/home/e235182h/Documents/These/DATA/sample/these_data/Experimentation/MarkupLM Finetuning/SWDE/groundtruth --input_pickle_path=/home/e235182h/Documents/These/DATA/sample/these_data/Experimentation/MarkupLM Finetuning/SWDE/swde.pickle --output_data_path=/home/e235182h/Documents/These/DATA/sample/these_data/Experimentation/MarkupLM Finetuning/SWDE/processed --n_pages=300 --verticals=restaurant
2026-05-18 19:26:54,522 [INFO] Verticals : ['restaurant', 'auto', 'movie', 'university']
2026-05-18 19:26:54,527 [INFO] Model     : /home/mbacke-l/MarkupLM Finetuning/markuplm-base-local
2026-05-18 19:26:54,527 [INFO] HPARAMS   : {'n_seed': 1, 'n_pages': 100, 'prev_nodes_into_account': 4, 'per_gpu_train_batch_size': 32, 'per_gpu_eval_batch_size': 32, 'num_train_epochs': 10, 'learning_rate': '2e-5', 'warmup_ratio': 0.1, 'max_seq_length': 384, 'doc_stride': 128, 'save_steps': 1000000}
2026-05-18 19:26:54,528 [INFO] Pickle already exists, skipping: /lustre/fsn1/projects/rech/hcg/ufy17on/MarkupLM Finetuning/SWDE/swde.pickle
2026-05-18 19:26:54,529 [INFO] === STEP 2/3 — prepare_data ===
2026-05-18 19:26:54,530 [INFO] CMD: /lustre/fsn1/projects/rech/hcg/ufy17on/venv_markuplm/bin/python3 /lustre/fsn1/projects/rech/hcg/ufy17on/MarkupLM Finetuning/unilm_repo/markuplm/examples/fine_tuning/run_swde/prepare_data.py --input_groundtruth_path=/lustre/fsn1/projects/rech/hcg/ufy17on/MarkupLM Finetuning/SWDE/groundtruth --input_pickle_path=/lustre/fsn1/projects/rech/hcg/ufy17on/MarkupLM Finetuning/SWDE/swde.pickle --output_data_path=/lustre/fsn1/projects/rech/hcg/ufy17on/MarkupLM Finetuning/SWDE/processed --n_pages=100 --verticals=restaurant,auto,movie,university
2026-05-18 19:27:41,504 [INFO] Verticals : ['restaurant', 'auto', 'movie', 'university']
2026-05-18 19:27:41,511 [INFO] Model     : /home/mbacke-l/MarkupLM Finetuning/markuplm-base-local
2026-05-18 19:27:41,511 [INFO] HPARAMS   : {'n_seed': 1, 'n_pages': 100, 'prev_nodes_into_account': 4, 'per_gpu_train_batch_size': 32, 'per_gpu_eval_batch_size': 32, 'num_train_epochs': 10, 'learning_rate': '2e-5', 'warmup_ratio': 0.1, 'max_seq_length': 384, 'doc_stride': 128, 'save_steps': 1000000}
2026-05-18 19:27:41,511 [INFO] Pickle already exists, skipping: /lustre/fsn1/projects/rech/hcg/ufy17on/MarkupLM Finetuning/SWDE/swde.pickle
2026-05-18 19:27:41,513 [INFO] === STEP 2/3 — prepare_data ===
2026-05-18 19:27:41,513 [INFO] CMD: /lustre/fsn1/projects/rech/hcg/ufy17on/venv_markuplm/bin/python3 /lustre/fsn1/projects/rech/hcg/ufy17on/MarkupLM Finetuning/unilm_repo/markuplm/examples/fine_tuning/run_swde/prepare_data.py --input_groundtruth_path=/lustre/fsn1/projects/rech/hcg/ufy17on/MarkupLM Finetuning/SWDE/groundtruth --input_pickle_path=/lustre/fsn1/projects/rech/hcg/ufy17on/MarkupLM Finetuning/SWDE/swde.pickle --output_data_path=/lustre/fsn1/projects/rech/hcg/ufy17on/MarkupLM Finetuning/SWDE/processed --n_pages=100 --verticals=restaurant,auto,movie,university
2026-05-18 19:28:03,101 [INFO] Verticals : ['restaurant', 'auto', 'movie', 'university']
2026-05-18 19:28:03,107 [INFO] Model     : /home/mbacke-l/MarkupLM Finetuning/markuplm-base-local
2026-05-18 19:28:03,107 [INFO] HPARAMS   : {'n_seed': 1, 'n_pages': 100, 'prev_nodes_into_account': 4, 'per_gpu_train_batch_size': 32, 'per_gpu_eval_batch_size': 32, 'num_train_epochs': 10, 'learning_rate': '2e-5', 'warmup_ratio': 0.1, 'max_seq_length': 384, 'doc_stride': 128, 'save_steps': 1000000}
2026-05-18 19:28:03,108 [INFO] Pickle already exists, skipping: /lustre/fsn1/projects/rech/hcg/ufy17on/MarkupLM Finetuning/SWDE/swde.pickle
2026-05-18 19:28:03,109 [INFO] === STEP 2/3 — prepare_data ===
2026-05-18 19:28:03,109 [INFO] CMD: /lustre/fsn1/projects/rech/hcg/ufy17on/venv_markuplm/bin/python3 /lustre/fsn1/projects/rech/hcg/ufy17on/MarkupLM Finetuning/unilm_repo/markuplm/examples/fine_tuning/run_swde/prepare_data.py --input_groundtruth_path=/lustre/fsn1/projects/rech/hcg/ufy17on/MarkupLM Finetuning/SWDE/groundtruth --input_pickle_path=/lustre/fsn1/projects/rech/hcg/ufy17on/MarkupLM Finetuning/SWDE/swde.pickle --output_data_path=/lustre/fsn1/projects/rech/hcg/ufy17on/MarkupLM Finetuning/SWDE/processed --n_pages=100 --verticals=restaurant,auto,movie,university
2026-05-19 14:43:55,042 [INFO] Verticals : ['restaurant', 'auto', 'movie', 'university']
2026-05-19 14:43:55,049 [INFO] Model     : /home/mbacke-l/MarkupLM Finetuning/markuplm-base-local
2026-05-19 14:43:55,049 [INFO] HPARAMS   : {'n_seed': 1, 'n_pages': 100, 'prev_nodes_into_account': 4, 'per_gpu_train_batch_size': 32, 'per_gpu_eval_batch_size': 32, 'num_train_epochs': 10, 'learning_rate': '2e-5', 'warmup_ratio': 0.1, 'max_seq_length': 384, 'doc_stride': 128, 'save_steps': 1000000}
2026-05-19 14:43:55,050 [INFO] Pickle already exists, skipping: /lustre/fsn1/projects/rech/hcg/ufy17on/MarkupLM Finetuning/SWDE/swde.pickle
2026-05-19 14:43:55,051 [INFO] === STEP 2/3 — prepare_data ===
2026-05-19 14:43:55,051 [INFO] CMD: /lustre/fsn1/projects/rech/hcg/ufy17on/venv_markuplm/bin/python3 /lustre/fsn1/projects/rech/hcg/ufy17on/MarkupLM Finetuning/unilm_repo/markuplm/examples/fine_tuning/run_swde/prepare_data.py --input_groundtruth_path=/lustre/fsn1/projects/rech/hcg/ufy17on/MarkupLM Finetuning/SWDE/groundtruth --input_pickle_path=/lustre/fsn1/projects/rech/hcg/ufy17on/MarkupLM Finetuning/SWDE/swde.pickle --output_data_path=/lustre/fsn1/projects/rech/hcg/ufy17on/MarkupLM Finetuning/SWDE/processed --n_pages=100 --verticals=restaurant,auto,movie,university
2026-05-19 14:58:59,363 [INFO] Verticals : ['restaurant', 'auto', 'movie', 'university']
2026-05-19 14:58:59,370 [INFO] Model     : /home/mbacke-l/MarkupLM Finetuning/markuplm-base-local
2026-05-19 14:58:59,370 [INFO] HPARAMS   : {'n_seed': 1, 'n_pages': 100, 'prev_nodes_into_account': 4, 'per_gpu_train_batch_size': 32, 'per_gpu_eval_batch_size': 32, 'num_train_epochs': 10, 'learning_rate': '2e-5', 'warmup_ratio': 0.1, 'max_seq_length': 384, 'doc_stride': 128, 'save_steps': 1000000}
2026-05-19 14:58:59,371 [INFO] === STEP 1/3 — pack_data (verticals: ['restaurant', 'auto', 'movie', 'university']) ===
2026-05-19 14:59:00,354 [INFO] Reading 74628 HTML pages...
2026-05-19 15:01:00,721 [INFO] Verticals : ['restaurant']
2026-05-19 15:01:00,727 [INFO] Model     : /home/mbacke-l/MarkupLM Finetuning/markuplm-base-local
2026-05-19 15:01:00,728 [INFO] HPARAMS   : {'n_seed': 1, 'n_pages': 100, 'prev_nodes_into_account': 4, 'per_gpu_train_batch_size': 32, 'per_gpu_eval_batch_size': 32, 'num_train_epochs': 10, 'learning_rate': '2e-5', 'warmup_ratio': 0.1, 'max_seq_length': 384, 'doc_stride': 128, 'save_steps': 1000000}
2026-05-19 15:01:00,728 [INFO] === STEP 1/3 — pack_data (verticals: ['restaurant']) ===
2026-05-19 15:01:00,937 [INFO] Reading 20000 HTML pages...
2026-05-19 15:01:36,020 [INFO] Pickle saved → /lustre/fsn1/projects/rech/hcg/ufy17on/MarkupLM Finetuning/SWDE/swde.pickle
2026-05-19 15:01:36,180 [INFO] === STEP 2/3 — prepare_data ===
2026-05-19 15:01:36,180 [INFO] CMD: /lustre/fsn1/projects/rech/hcg/ufy17on/venv_markuplm/bin/python3 /lustre/fsn1/projects/rech/hcg/ufy17on/MarkupLM Finetuning/unilm_repo/markuplm/examples/fine_tuning/run_swde/prepare_data.py --input_groundtruth_path=/lustre/fsn1/projects/rech/hcg/ufy17on/MarkupLM Finetuning/SWDE/groundtruth --input_pickle_path=/lustre/fsn1/projects/rech/hcg/ufy17on/MarkupLM Finetuning/SWDE/swde.pickle --output_data_path=/lustre/fsn1/projects/rech/hcg/ufy17on/MarkupLM Finetuning/SWDE/processed --n_pages=100 --verticals=restaurant
2026-05-19 15:10:58,330 [INFO] Verticals : ['restaurant', 'auto', 'movie', 'university']
2026-05-19 15:10:58,337 [INFO] Model     : /home/mbacke-l/MarkupLM Finetuning/markuplm-base-local
2026-05-19 15:10:58,337 [INFO] HPARAMS   : {'n_seed': 1, 'n_pages': 100, 'prev_nodes_into_account': 4, 'per_gpu_train_batch_size': 32, 'per_gpu_eval_batch_size': 32, 'num_train_epochs': 10, 'learning_rate': '2e-5', 'warmup_ratio': 0.1, 'max_seq_length': 384, 'doc_stride': 128, 'save_steps': 1000000}
2026-05-19 15:10:58,337 [INFO] === STEP 1/3 — pack_data (verticals: ['restaurant', 'auto', 'movie', 'university'], n_pages: 100) ===
2026-05-19 15:10:58,513 [INFO] Reading 4000 HTML pages...
2026-05-19 15:11:05,565 [INFO] Pickle saved → /lustre/fsn1/projects/rech/hcg/ufy17on/MarkupLM Finetuning/SWDE/swde-100p.pickle
2026-05-19 15:11:05,576 [INFO] === STEP 2/3 — prepare_data ===
2026-05-19 15:11:05,576 [INFO] CMD: /lustre/fsn1/projects/rech/hcg/ufy17on/venv_markuplm/bin/python3 /lustre/fsn1/projects/rech/hcg/ufy17on/MarkupLM Finetuning/unilm_repo/markuplm/examples/fine_tuning/run_swde/prepare_data.py --input_groundtruth_path=/lustre/fsn1/projects/rech/hcg/ufy17on/MarkupLM Finetuning/SWDE/groundtruth --input_pickle_path=/lustre/fsn1/projects/rech/hcg/ufy17on/MarkupLM Finetuning/SWDE/swde-100p.pickle --output_data_path=/lustre/fsn1/projects/rech/hcg/ufy17on/MarkupLM Finetuning/SWDE/processed --n_pages=100 --verticals=restaurant,auto,movie,university --num_workers=4
2026-05-19 15:11:33,854 [INFO] Verticals : ['restaurant']
2026-05-19 15:11:33,860 [INFO] Model     : /home/mbacke-l/MarkupLM Finetuning/markuplm-base-local
2026-05-19 15:11:33,861 [INFO] HPARAMS   : {'n_seed': 1, 'n_pages': 100, 'prev_nodes_into_account': 4, 'per_gpu_train_batch_size': 32, 'per_gpu_eval_batch_size': 32, 'num_train_epochs': 10, 'learning_rate': '2e-5', 'warmup_ratio': 0.1, 'max_seq_length': 384, 'doc_stride': 128, 'save_steps': 1000000}
2026-05-19 15:11:33,861 [INFO] Pickle already exists, skipping: /lustre/fsn1/projects/rech/hcg/ufy17on/MarkupLM Finetuning/SWDE/swde-100p.pickle
2026-05-19 15:11:33,863 [INFO] Processed features found for all verticals, skipping prepare_data.
2026-05-19 15:11:33,863 [INFO] === STEP 3/3 — train+eval: vertical=restaurant ===
2026-05-19 15:11:33,866 [INFO] CMD: /lustre/fsn1/projects/rech/hcg/ufy17on/venv_markuplm/bin/python3 /lustre/fsn1/projects/rech/hcg/ufy17on/MarkupLM Finetuning/unilm_repo/markuplm/examples/fine_tuning/run_swde/run.py --root_dir /lustre/fsn1/projects/rech/hcg/ufy17on/MarkupLM Finetuning/SWDE/processed --vertical restaurant --n_seed 1 --n_pages 100 --prev_nodes_into_account 4 --model_name_or_path /home/mbacke-l/MarkupLM Finetuning/markuplm-base-local --output_dir /lustre/fsn1/projects/rech/hcg/ufy17on/MarkupLM Finetuning/results_markuplm --do_train --do_eval --per_gpu_train_batch_size 32 --per_gpu_eval_batch_size 32 --num_train_epochs 10 --learning_rate 2e-5 --warmup_ratio 0.1 --max_seq_length 384 --doc_stride 128 --save_steps 1000000 --overwrite_output_dir
2026-05-19 15:12:11,034 [INFO] Verticals : ['restaurant']
2026-05-19 15:12:11,041 [INFO] Model     : /home/mbacke-l/MarkupLM Finetuning/markuplm-base-local
2026-05-19 15:12:11,042 [INFO] HPARAMS   : {'n_seed': 1, 'n_pages': 100, 'prev_nodes_into_account': 4, 'per_gpu_train_batch_size': 32, 'per_gpu_eval_batch_size': 32, 'num_train_epochs': 10, 'learning_rate': '2e-5', 'warmup_ratio': 0.1, 'max_seq_length': 384, 'doc_stride': 128, 'save_steps': 1000000}
2026-05-19 15:12:11,042 [INFO] Pickle already exists, skipping: /lustre/fsn1/projects/rech/hcg/ufy17on/MarkupLM Finetuning/SWDE/swde-100p.pickle
2026-05-19 15:12:11,044 [INFO] Processed features found for all verticals, skipping prepare_data.
2026-05-19 15:12:11,044 [INFO] === STEP 3/3 — train+eval: vertical=restaurant ===
2026-05-19 15:12:11,044 [INFO] CMD: /lustre/fsn1/projects/rech/hcg/ufy17on/venv_markuplm/bin/python3 /lustre/fsn1/projects/rech/hcg/ufy17on/MarkupLM Finetuning/unilm_repo/markuplm/examples/fine_tuning/run_swde/run.py --root_dir /lustre/fsn1/projects/rech/hcg/ufy17on/MarkupLM Finetuning/SWDE/processed --vertical restaurant --n_seed 1 --n_pages 100 --prev_nodes_into_account 4 --model_name_or_path /home/mbacke-l/MarkupLM Finetuning/markuplm-base-local --output_dir /lustre/fsn1/projects/rech/hcg/ufy17on/MarkupLM Finetuning/results_markuplm --do_train --do_eval --per_gpu_train_batch_size 32 --per_gpu_eval_batch_size 32 --num_train_epochs 10 --learning_rate 2e-5 --warmup_ratio 0.1 --max_seq_length 384 --doc_stride 128 --save_steps 1000000 --overwrite_output_dir
2026-05-19 15:13:54,089 [INFO] Verticals : ['restaurant', 'auto', 'movie', 'university']
2026-05-19 15:13:54,096 [INFO] Model     : /home/mbacke-l/MarkupLM Finetuning/markuplm-base-local
2026-05-19 15:13:54,096 [INFO] HPARAMS   : {'n_seed': 1, 'n_pages': 100, 'prev_nodes_into_account': 4, 'per_gpu_train_batch_size': 32, 'per_gpu_eval_batch_size': 32, 'num_train_epochs': 10, 'learning_rate': '2e-5', 'warmup_ratio': 0.1, 'max_seq_length': 384, 'doc_stride': 128, 'save_steps': 1000000}
2026-05-19 15:13:54,097 [INFO] Pickle already exists, skipping: /lustre/fsn1/projects/rech/hcg/ufy17on/MarkupLM Finetuning/SWDE/swde-100p.pickle
2026-05-19 15:13:54,099 [INFO] === STEP 2/3 — prepare_data ===
2026-05-19 15:13:54,099 [INFO] CMD: /lustre/fsn1/projects/rech/hcg/ufy17on/venv_markuplm/bin/python3 /lustre/fsn1/projects/rech/hcg/ufy17on/MarkupLM Finetuning/unilm_repo/markuplm/examples/fine_tuning/run_swde/prepare_data.py --input_groundtruth_path=/lustre/fsn1/projects/rech/hcg/ufy17on/MarkupLM Finetuning/SWDE/groundtruth --input_pickle_path=/lustre/fsn1/projects/rech/hcg/ufy17on/MarkupLM Finetuning/SWDE/swde-100p.pickle --output_data_path=/lustre/fsn1/projects/rech/hcg/ufy17on/MarkupLM Finetuning/SWDE/processed --n_pages=100 --verticals=restaurant,auto,movie,university --num_workers=4
2026-05-19 15:22:01,426 [INFO] Verticals : ['restaurant', 'auto', 'movie', 'university']
2026-05-19 15:22:01,432 [INFO] Model     : /home/mbacke-l/MarkupLM Finetuning/markuplm-base-local
2026-05-19 15:22:01,433 [INFO] HPARAMS   : {'n_seed': 1, 'n_pages': 100, 'prev_nodes_into_account': 4, 'per_gpu_train_batch_size': 32, 'per_gpu_eval_batch_size': 32, 'num_train_epochs': 10, 'learning_rate': '2e-5', 'warmup_ratio': 0.1, 'max_seq_length': 384, 'doc_stride': 128, 'save_steps': 1000000}
2026-05-19 15:22:01,433 [INFO] Pickle already exists, skipping: /lustre/fsn1/projects/rech/hcg/ufy17on/MarkupLM Finetuning/SWDE/swde-100p.pickle
2026-05-19 15:22:01,435 [INFO] === STEP 2/3 — prepare_data ===
2026-05-19 15:22:01,435 [INFO] CMD: /lustre/fsn1/projects/rech/hcg/ufy17on/venv_markuplm/bin/python3 /lustre/fsn1/projects/rech/hcg/ufy17on/MarkupLM Finetuning/unilm_repo/markuplm/examples/fine_tuning/run_swde/prepare_data.py --input_groundtruth_path=/lustre/fsn1/projects/rech/hcg/ufy17on/MarkupLM Finetuning/SWDE/groundtruth --input_pickle_path=/lustre/fsn1/projects/rech/hcg/ufy17on/MarkupLM Finetuning/SWDE/swde-100p.pickle --output_data_path=/lustre/fsn1/projects/rech/hcg/ufy17on/MarkupLM Finetuning/SWDE/processed --n_pages=100 --verticals=restaurant,auto,movie,university --num_workers=4
2026-05-19 15:28:48,955 [INFO] === STEP 3/3 — train+eval: vertical=restaurant ===
2026-05-19 15:28:48,967 [INFO] CMD: /lustre/fsn1/projects/rech/hcg/ufy17on/venv_markuplm/bin/python3 /lustre/fsn1/projects/rech/hcg/ufy17on/MarkupLM Finetuning/unilm_repo/markuplm/examples/fine_tuning/run_swde/run.py --root_dir /lustre/fsn1/projects/rech/hcg/ufy17on/MarkupLM Finetuning/SWDE/processed --vertical restaurant --n_seed 1 --n_pages 100 --prev_nodes_into_account 4 --model_name_or_path /home/mbacke-l/MarkupLM Finetuning/markuplm-base-local --output_dir /lustre/fsn1/projects/rech/hcg/ufy17on/MarkupLM Finetuning/results_markuplm --do_train --do_eval --per_gpu_train_batch_size 32 --per_gpu_eval_batch_size 32 --num_train_epochs 10 --learning_rate 2e-5 --warmup_ratio 0.1 --max_seq_length 384 --doc_stride 128 --save_steps 1000000 --overwrite_output_dir
2026-05-19 15:32:08,631 [INFO] Verticals : ['restaurant', 'auto', 'movie', 'university']
2026-05-19 15:32:08,638 [INFO] Model     : /home/mbacke-l/MarkupLM Finetuning/markuplm-base-local
2026-05-19 15:32:08,638 [INFO] HPARAMS   : {'n_seed': 1, 'n_pages': 100, 'prev_nodes_into_account': 4, 'per_gpu_train_batch_size': 32, 'per_gpu_eval_batch_size': 32, 'num_train_epochs': 10, 'learning_rate': '2e-5', 'warmup_ratio': 0.1, 'max_seq_length': 384, 'doc_stride': 128, 'save_steps': 1000000}
2026-05-19 15:32:08,639 [INFO] Pickle already exists, skipping: /lustre/fsn1/projects/rech/hcg/ufy17on/MarkupLM Finetuning/SWDE/swde-100p.pickle
2026-05-19 15:32:08,640 [INFO] Processed features found for all verticals, skipping prepare_data.
2026-05-19 15:32:08,640 [INFO] === STEP 3/3 — train+eval: vertical=restaurant ===
2026-05-19 15:32:08,641 [INFO] CMD: /lustre/fsn1/projects/rech/hcg/ufy17on/venv_markuplm/bin/python3 /lustre/fsn1/projects/rech/hcg/ufy17on/MarkupLM Finetuning/unilm_repo/markuplm/examples/fine_tuning/run_swde/run.py --root_dir /lustre/fsn1/projects/rech/hcg/ufy17on/MarkupLM Finetuning/SWDE/processed --vertical restaurant --n_seed 1 --n_pages 100 --prev_nodes_into_account 4 --model_name_or_path /home/mbacke-l/MarkupLM Finetuning/markuplm-base-local --output_dir /lustre/fsn1/projects/rech/hcg/ufy17on/MarkupLM Finetuning/results_markuplm --do_train --do_eval --per_gpu_train_batch_size 32 --per_gpu_eval_batch_size 32 --num_train_epochs 10 --learning_rate 2e-5 --warmup_ratio 0.1 --max_seq_length 384 --doc_stride 128 --save_steps 1000000 --overwrite_output_dir
2026-05-19 15:39:52,320 [INFO] Verticals : ['restaurant', 'auto', 'movie', 'university']
2026-05-19 15:39:52,326 [INFO] Model     : /lustre/fsn1/projects/rech/hcg/ufy17on/markuplm-base-local
2026-05-19 15:39:52,326 [INFO] HPARAMS   : {'n_seed': 1, 'n_pages': 100, 'prev_nodes_into_account': 4, 'per_gpu_train_batch_size': 32, 'per_gpu_eval_batch_size': 32, 'num_train_epochs': 10, 'learning_rate': '2e-5', 'warmup_ratio': 0.1, 'max_seq_length': 384, 'doc_stride': 128, 'save_steps': 1000000}
2026-05-19 15:39:52,327 [INFO] === STEP 3/3 — train+eval: vertical=restaurant ===
2026-05-19 15:39:52,327 [INFO] CMD: /lustre/fsn1/projects/rech/hcg/ufy17on/venv_markuplm/bin/python3 /lustre/fsn1/projects/rech/hcg/ufy17on/MarkupLM Finetuning/unilm_repo/markuplm/examples/fine_tuning/run_swde/run.py --root_dir /lustre/fsn1/projects/rech/hcg/ufy17on/MarkupLM Finetuning/SWDE/processed --vertical restaurant --n_seed 1 --n_pages 100 --prev_nodes_into_account 4 --model_name_or_path /lustre/fsn1/projects/rech/hcg/ufy17on/markuplm-base-local --output_dir /lustre/fsn1/projects/rech/hcg/ufy17on/MarkupLM Finetuning/results_markuplm --do_train --do_eval --per_gpu_train_batch_size 32 --per_gpu_eval_batch_size 32 --num_train_epochs 10 --learning_rate 2e-5 --warmup_ratio 0.1 --max_seq_length 384 --doc_stride 128 --save_steps 1000000 --overwrite_output_dir
